<?xml version="1.0" encoding="UTF-8"?>
<!-- Generated by org.testng.reporters.JUnitXMLReporter -->
<testsuite ignored="0" hostname="LAPTOP-3TRPJN2F" failures="0" tests="2" name="validateDates" time="0.171" errors="0" timestamp="2022-07-22T11:01:55 IST">
  <testcase classname="test.TestCases" name="@BeforeClass openUrl" time="0.02">
    <failure type="java.lang.NullPointerException" message="Cannot invoke &amp;quot;org.openqa.selenium.WebDriver.get(String)&amp;quot; because &amp;quot;this.driver&amp;quot; is null">
      <![CDATA[java.lang.NullPointerException: Cannot invoke "org.openqa.selenium.WebDriver.get(String)" because "this.driver" is null
at test.TestCases.openUrl(TestCases.java:27)
at java.base/java.util.ArrayList.forEach(ArrayList.java:1511)
... Removed 25 stack frames]]>
    </failure>
  </testcase> <!-- @BeforeClass openUrl -->
  <testcase classname="test.TestCases" name="@AfterClass closeBrowser" time="0.0">
    <skipped/>
  </testcase> <!-- @AfterClass closeBrowser -->
  <testcase classname="test.TestCases" name="compareCountry" time="0.0">
    <skipped/>
  </testcase> <!-- compareCountry -->
  <testcase classname="test.TestCases" name="compareReleaseDate" time="0.001">
    <skipped/>
  </testcase> <!-- compareReleaseDate -->
</testsuite> <!-- validateDates -->
